[debug] [2021-08-14T16:15:42.438Z] ----------------------------------------------------------------------
[debug] [2021-08-14T16:15:42.440Z] Command:       C:\Program Files\nodejs\node.exe C:\Users\Lenovo\AppData\Roaming\npm\node_modules\firebase-tools\lib\bin\firebase.js init
[debug] [2021-08-14T16:15:42.441Z] CLI Version:   9.16.5
[debug] [2021-08-14T16:15:42.441Z] Platform:      win32
[debug] [2021-08-14T16:15:42.441Z] Node Version:  v10.16.3
[debug] [2021-08-14T16:15:42.442Z] Time:          Sat Aug 14 2021 23:15:42 GMT+0700 (Indochina Time)
[debug] [2021-08-14T16:15:42.442Z] ----------------------------------------------------------------------
[debug] 
[debug] [2021-08-14T16:15:42.453Z] > command requires scopes: ["email","openid","https://www.googleapis.com/auth/cloudplatformprojects.readonly","https://www.googleapis.com/auth/firebase","https://www.googleapis.com/auth/cloud-platform"]
[debug] [2021-08-14T16:15:42.454Z] > authorizing via signed-in user (antritue@gmail.com)
[info] 
     ######## #### ########  ######## ########     ###     ######  ########
     ##        ##  ##     ## ##       ##     ##  ##   ##  ##       ##
     ######    ##  ########  ######   ########  #########  ######  ######
     ##        ##  ##    ##  ##       ##     ## ##     ##       ## ##
     ##       #### ##     ## ######## ########  ##     ##  ######  ########

You're about to initialize a Firebase project in this directory:

  D:\Study\covid-19-tracker

[info] 
=== Project Setup
[info] 
[info] First, let's associate this project directory with a Firebase project.
[info] You can create multiple project aliases by running firebase use --add, 
[info] but for now we'll just set up a default project.
[info] 
[debug] [2021-08-14T16:16:26.710Z] >>> [apiv2][query] GET https://firebase.googleapis.com/v1beta1/projects pageSize=100
[debug] [2021-08-14T16:16:27.577Z] <<< [apiv2][status] GET https://firebase.googleapis.com/v1beta1/projects 200
[debug] [2021-08-14T16:16:27.577Z] <<< [apiv2][body] GET https://firebase.googleapis.com/v1beta1/projects [omitted]
[info] i  Using project covid-19-tracker-cbd40 (Covid-19 Tracker) 
[info] 
=== Hosting Setup
[info] 
[info] Your public directory is the folder (relative to your project directory) that
[info] will contain Hosting assets to be uploaded with firebase deploy. If you
[info] have a build process for your assets, use your build's output directory.
[info] 
[debug] [2021-08-14T16:17:31.147Z] >>> [apiv2][query] GET https://www.gstatic.com/firebasejs/releases.json [none]
[debug] [2021-08-14T16:17:31.432Z] <<< [apiv2][status] GET https://www.gstatic.com/firebasejs/releases.json 200
[debug] [2021-08-14T16:17:31.433Z] <<< [apiv2][body] GET https://www.gstatic.com/firebasejs/releases.json {"current":{"version":"8.9.1","browserURL":"https://www.gstatic.com/firebasejs/8.9.1/firebase.js","packageURL":"https://www.gstatic.com/firebasejs/8.9.1/firebase.tgz"},"live":{"version":"8.9","browserURL":"https://www.gstatic.com/firebasejs/live/8.9/firebase.js","packageURL":"https://www.gstatic.com/firebasejs/live/8.9/firebase.tgz"},"components":{"analytics":"https://www.gstatic.com/firebasejs/8.9.1/firebase-analytics.js","app":"https://www.gstatic.com/firebasejs/8.9.1/firebase-app.js","app-check":"https://www.gstatic.com/firebasejs/8.9.1/firebase-app-check.js","auth":"https://www.gstatic.com/firebasejs/8.9.1/firebase-auth.js","database":"https://www.gstatic.com/firebasejs/8.9.1/firebase-database.js","firestore":"https://www.gstatic.com/firebasejs/8.9.1/firebase-firestore.js","functions":"https://www.gstatic.com/firebasejs/8.9.1/firebase-functions.js","installations":"https://www.gstatic.com/firebasejs/8.9.1/firebase-installations.js","messaging":"https://www.gstatic.com/firebasejs/8.9.1/firebase-messaging.js","storage":"https://www.gstatic.com/firebasejs/8.9.1/firebase-storage.js","performance":"https://www.gstatic.com/firebasejs/8.9.1/firebase-performance.js","remote-config":"https://www.gstatic.com/firebasejs/8.9.1/firebase-remote-config.js","firestore.memory":"https://www.gstatic.com/firebasejs/8.9.1/firebase-firestore.memory.js"}}
[info] +  Wrote build/index.html 
[info] 
[info] i  Detected a .git folder at D:\Study\covid-19-tracker 
[info] i  Authorizing with GitHub to upload your service account to a GitHub repository's secrets store. 
[info] 
[info] Visit this URL on this device to log in:
[info] https://github.com/login/oauth/authorize?client_id=89cf50f02ac6aaed3484&state=732438861&redirect_uri=http%3A%2F%2Flocalhost%3A9005&scope=read%3Auser%20repo%20public_repo
[info] 
[info] Waiting for authentication...
